#
# A fatal error has been detected by the Java Runtime Environment:
#
#  SIGSEGV (0xb) at pc=0xb6c80d2e, pid=3213, tid=0xb66ecb40
#
# JRE version: Java(TM) SE Runtime Environment (8.0_121-b13) (build 1.8.0_121-b13)
# Java VM: Java HotSpot(TM) Server VM (25.121-b13 mixed mode linux-x86 )
# Problematic frame:
# V  [libjvm.so+0x54dd2e]  jni_GetObjectClass+0xae
#
# Failed to write core dump. Core dumps have been disabled. To enable core dumping, try "ulimit -c unlimited" before starting Java again
#
# If you would like to submit a bug report, please visit:
#   http://bugreport.java.com/bugreport/crash.jsp
#

---------------  T H R E A D  ---------------

Current thread (0xb6507400):  JavaThread "main" [_thread_in_vm, id=3218, stack(0xb669c000,0xb66ed000)]

siginfo: si_signo: 11 (SIGSEGV), si_code: 1 (SEGV_MAPERR), si_addr: 0x00000005

Registers:
EAX=0x00000001, EBX=0xb710f268, ECX=0x9d7d8210, EDX=0xb6507400
ESP=0xb66ebde8, EBP=0xb66ebe28, ESI=0xb6507400, EDI=0xb66ebe08
EIP=0xb6c80d2e, EFLAGS=0x00010282, CR2=0x00000005

Top of Stack: (sp=0xb66ebde8)
0xb66ebde8:   00000ffc 00000ffc b66ebe08 88ec0818
0xb66ebdf8:   00000000 b7701000 88ec01b8 b6507400
0xb66ebe08:   b6507400 b6505870 00000a1d b70808a4
0xb66ebe18:   b6507400 88ec01b8 88ec01b8 b6507400
0xb66ebe28:   b66ebe78 b6657819 b6507538 8a211208
0xb66ebe38:   00000000 b66578e3 88ec01b8 8a211200
0xb66ebe48:   00000022 00000019 00000032 8a211204
0xb66ebe58:   8a241860 00000000 8a211208 88ec01b8 

Instructions: (pc=0xb6c80d2e)
0xb6c80d0e:   c7 86 74 01 00 00 06 00 00 00 8d 7d e0 89 75 f0
0xb6c80d1e:   51 51 56 57 e8 c9 0e 01 00 58 8b 45 0c 5a 8b 00
0xb6c80d2e:   8b 40 04 8b 40 38 50 8b 45 08 50 e8 c2 a4 02 00
0xb6c80d3e:   89 45 d0 8b 45 e4 83 c4 10 85 c0 74 0c 83 ec 0c 

Register to memory mapping:

EAX=0x00000001 is an unknown value
EBX=0xb710f268: <offset 0x9dc268> in /usr/lib/jvm/java-8-oracle/jre/lib/i386/server/libjvm.so at 0xb6733000
ECX=0x9d7d8210 is an oop
java.lang.NoSuchFieldError 
 - klass: 'java/lang/NoSuchFieldError'
EDX=0xb6507400 is a thread
ESP=0xb66ebde8 is pointing into the stack for thread: 0xb6507400
EBP=0xb66ebe28 is pointing into the stack for thread: 0xb6507400
ESI=0xb6507400 is a thread
EDI=0xb66ebe08 is pointing into the stack for thread: 0xb6507400


Stack: [0xb669c000,0xb66ed000],  sp=0xb66ebde8,  free space=319k
Native frames: (J=compiled Java code, j=interpreted, Vv=VM code, C=native code)
V  [libjvm.so+0x54dd2e]  jni_GetObjectClass+0xae
C  [libHello.so+0x819]  Java_jni_JNI_setEmp+0x191
j  jni.JNI.setEmp(Ljni/Employe;)V+0
j  jni.JNI.main([Ljava/lang/String;)V+33
v  ~StubRoutines::call_stub
V  [libjvm.so+0x4ff92f]  JavaCalls::call_helper(JavaValue*, methodHandle*, JavaCallArguments*, Thread*)+0x101f
V  [libjvm.so+0x752729]  os::os_exception_wrapper(void (*)(JavaValue*, methodHandle*, JavaCallArguments*, Thread*), JavaValue*, methodHandle*, JavaCallArguments*, Thread*)+0x19
V  [libjvm.so+0x4fdeff]  JavaCalls::call(JavaValue*, methodHandle, JavaCallArguments*, Thread*)+0x2f
V  [libjvm.so+0x547f57]  jni_invoke_static(JNIEnv_*, JavaValue*, _jobject*, JNICallType, _jmethodID*, JNI_ArgumentPusher*, Thread*)+0x387
V  [libjvm.so+0x55a9df]  jni_CallStaticVoidMethod+0xdf
C  [libjli.so+0x7679]  JavaMain+0x8e9
C  [libpthread.so.0+0x6f72]  start_thread+0xd2
C  [libc.so.6+0xee2ae]  clone+0x5e

Java frames: (J=compiled Java code, j=interpreted, Vv=VM code)
j  jni.JNI.setEmp(Ljni/Employe;)V+0
j  jni.JNI.main([Ljava/lang/String;)V+33
v  ~StubRoutines::call_stub

---------------  P R O C E S S  ---------------

Java Threads: ( => current thread )
  0x8a238400 JavaThread "Service Thread" daemon [_thread_blocked, id=3227, stack(0x885fa000,0x8864b000)]
  0x8a235000 JavaThread "C1 CompilerThread1" daemon [_thread_blocked, id=3226, stack(0x8864b000,0x886cc000)]
  0x8a233400 JavaThread "C2 CompilerThread0" daemon [_thread_blocked, id=3225, stack(0x886cc000,0x8874d000)]
  0x8a231800 JavaThread "Signal Dispatcher" daemon [_thread_blocked, id=3224, stack(0x8874d000,0x8879e000)]
  0x8a217800 JavaThread "Finalizer" daemon [_thread_blocked, id=3223, stack(0x8899e000,0x889ef000)]
  0x8a214c00 JavaThread "Reference Handler" daemon [_thread_blocked, id=3222, stack(0x889ef000,0x88a40000)]
=>0xb6507400 JavaThread "main" [_thread_in_vm, id=3218, stack(0xb669c000,0xb66ed000)]

Other Threads:
  0x8a210400 VMThread [stack: 0x88a40000,0x88ac1000] [id=3221]
  0x8a23a000 WatcherThread [stack: 0x88579000,0x885fa000] [id=3228]

VM state:not at safepoint (normal execution)

VM Mutex/Monitor currently owned by a thread: None

Heap:
 PSYoungGen      total 8960K, used 478K [0x9d780000, 0x9e180000, 0xa7000000)
  eden space 7680K, 6% used [0x9d780000,0x9d7f7a80,0x9df00000)
  from space 1280K, 0% used [0x9e040000,0x9e040000,0x9e180000)
  to   space 1280K, 0% used [0x9df00000,0x9df00000,0x9e040000)
 ParOldGen       total 20480K, used 0K [0x8a600000, 0x8ba00000, 0x9d780000)
  object space 20480K, 0% used [0x8a600000,0x8a600000,0x8ba00000)
 Metaspace       used 1635K, capacity 2204K, committed 2328K, reserved 4400K

Card table byte_map: [0xa705a000,0xa7140000] byte_map_base: 0xa6c07000

Marking Bits: (ParMarkBitMap*) 0xb713f8c0
 Begin Bits: [0x892b0000, 0x899d8000)
 End Bits:   [0x899d8000, 0x8a100000)

Polling page: 0xb7746000

CodeCache: size=245760Kb used=674Kb max_used=674Kb free=245085Kb
 bounds [0xa7500000, 0xa7740000, 0xb6500000]
 total_blobs=166 nmethods=13 adapters=69
 compilation: enabled

Compilation events (10 events):
Event: 0.162 Thread 0x8a235000    6       3       java.lang.AbstractStringBuilder::ensureCapacityInternal (27 bytes)
Event: 0.162 Thread 0x8a235000 nmethod 6 0xa75a6548 code [0xa75a66a0, 0xa75a69d8]
Event: 0.162 Thread 0x8a235000    9       1       java.lang.ref.Reference::get (5 bytes)
Event: 0.163 Thread 0x8a235000 nmethod 9 0xa75a6348 code [0xa75a6440, 0xa75a64e0]
Event: 0.163 Thread 0x8a235000   11       1       java.lang.ThreadLocal::access$400 (5 bytes)
Event: 0.163 Thread 0x8a235000 nmethod 11 0xa75a6148 code [0xa75a6240, 0xa75a62c0]
Event: 0.239 Thread 0x8a235000   12       3       java.lang.AbstractStringBuilder::append (50 bytes)
Event: 0.240 Thread 0x8a235000 nmethod 12 0xa75a56c8 code [0xa75a5840, 0xa75a5dd0]
Event: 0.240 Thread 0x8a235000   13       3       java.lang.String::getChars (62 bytes)
Event: 0.240 Thread 0x8a235000 nmethod 13 0xa75a8308 code [0xa75a8460, 0xa75a8770]

GC Heap History (0 events):
No events

Deoptimization events (0 events):
No events

Internal exceptions (3 events):
Event: 0.110 Thread 0xb6507400 Exception <a 'java/lang/NoSuchMethodError': Method sun.misc.Unsafe.defineClass(Ljava/lang/String;[BII)Ljava/lang/Class; name or signature does not match> (0x9d786e90) thrown at [/HUDSON/workspace/8-2-build-linux-i586/jdk8u121/8372/hotspot/src/share/vm/pri
Event: 0.110 Thread 0xb6507400 Exception <a 'java/lang/NoSuchMethodError': Method sun.misc.Unsafe.prefetchRead(Ljava/lang/Object;J)V name or signature does not match> (0x9d787160) thrown at [/HUDSON/workspace/8-2-build-linux-i586/jdk8u121/8372/hotspot/src/share/vm/prims/jni.cpp, line 4
Event: 0.286 Thread 0xb6507400 Exception <a 'java/lang/NoSuchFieldError': in> (0x9d7d8210) thrown at [/HUDSON/workspace/8-2-build-linux-i586/jdk8u121/8372/hotspot/src/share/vm/prims/jni.cpp, line 2589]

Events (10 events):
Event: 0.243 loading class java/lang/Class$MethodArray
Event: 0.243 loading class java/lang/Class$MethodArray done
Event: 0.243 loading class jni/Employe
Event: 0.243 loading class jni/Employe done
Event: 0.261 loading class java/lang/Void
Event: 0.261 loading class java/lang/Void done
Event: 0.261 loading class jni/Inner
Event: 0.261 loading class jni/Inner done
Event: 0.286 loading class java/lang/NoSuchFieldError
Event: 0.286 loading class java/lang/NoSuchFieldError done


Dynamic libraries:
08048000-08049000 r-xp 00000000 08:07 1059426    /usr/lib/jvm/java-8-oracle/bin/java
08049000-0804a000 rw-p 00000000 08:07 1059426    /usr/lib/jvm/java-8-oracle/bin/java
099d1000-09a37000 rw-p 00000000 00:00 0          [heap]
88326000-88579000 rw-p 00000000 00:00 0 
88579000-8857a000 ---p 00000000 00:00 0 
8857a000-885fa000 rw-p 00000000 00:00 0          [stack:3228]
885fa000-885fd000 ---p 00000000 00:00 0 
885fd000-8864b000 rw-p 00000000 00:00 0          [stack:3227]
8864b000-8864e000 ---p 00000000 00:00 0 
8864e000-886cc000 rw-p 00000000 00:00 0          [stack:3226]
886cc000-886cf000 ---p 00000000 00:00 0 
886cf000-8874d000 rw-p 00000000 00:00 0          [stack:3225]
8874d000-88750000 ---p 00000000 00:00 0 
88750000-8879e000 rw-p 00000000 00:00 0          [stack:3224]
8879e000-8899e000 r--p 00000000 08:07 1051703    /usr/lib/locale/locale-archive
8899e000-889a1000 ---p 00000000 00:00 0 
889a1000-889ef000 rw-p 00000000 00:00 0          [stack:3223]
889ef000-889f2000 ---p 00000000 00:00 0 
889f2000-88a40000 rw-p 00000000 00:00 0          [stack:3222]
88a40000-88a41000 ---p 00000000 00:00 0 
88a41000-88ac1000 rw-p 00000000 00:00 0          [stack:3221]
88ac1000-88c9a000 r--s 03d3e000 08:07 1059189    /usr/lib/jvm/java-8-oracle/jre/lib/rt.jar
88c9a000-88ee0000 rw-p 00000000 00:00 0 
88ee0000-890e6000 ---p 00000000 00:00 0 
890e6000-8a100000 rw-p 00000000 00:00 0 
8a100000-8a121000 rw-p 00000000 00:00 0 
8a121000-8a200000 ---p 00000000 00:00 0 
8a200000-8a255000 rw-p 00000000 00:00 0 
8a255000-8a300000 ---p 00000000 00:00 0 
8a300000-8a321000 rw-p 00000000 00:00 0 
8a321000-8a400000 ---p 00000000 00:00 0 
8a40a000-8a465000 rw-p 00000000 00:00 0 
8a465000-8a466000 ---p 00000000 00:00 0 
8a466000-8a4e6000 rw-p 00000000 00:00 0          [stack:3220]
8a4e6000-8a4e7000 ---p 00000000 00:00 0 
8a4e7000-8a571000 rw-p 00000000 00:00 0          [stack:3219]
8a571000-8a600000 ---p 00000000 00:00 0 
8a600000-8ba00000 rw-p 00000000 00:00 0 
8ba00000-9d780000 ---p 00000000 00:00 0 
9d780000-9e180000 rw-p 00000000 00:00 0 
9e180000-a7000000 ---p 00000000 00:00 0 
a700b000-a7064000 rw-p 00000000 00:00 0 
a7064000-a70f2000 ---p 00000000 00:00 0 
a70f2000-a70f8000 rw-p 00000000 00:00 0 
a70f8000-a713f000 ---p 00000000 00:00 0 
a713f000-a7149000 rw-p 00000000 00:00 0 
a7149000-a7500000 ---p 00000000 00:00 0 
a7500000-a7740000 rwxp 00000000 00:00 0 
a7740000-b6500000 ---p 00000000 00:00 0 
b6500000-b65f9000 rw-p 00000000 00:00 0 
b65f9000-b6600000 ---p 00000000 00:00 0 
b6608000-b660c000 rw-p 00000000 00:00 0 
b660c000-b6625000 r-xp 00000000 08:07 1059145    /usr/lib/jvm/java-8-oracle/jre/lib/i386/libzip.so
b6625000-b6626000 rw-p 00019000 08:07 1059145    /usr/lib/jvm/java-8-oracle/jre/lib/i386/libzip.so
b6626000-b6630000 r-xp 00000000 08:07 531664     /lib/i386-linux-gnu/libnss_files-2.19.so
b6630000-b6631000 r--p 00009000 08:07 531664     /lib/i386-linux-gnu/libnss_files-2.19.so
b6631000-b6632000 rw-p 0000a000 08:07 531664     /lib/i386-linux-gnu/libnss_files-2.19.so
b6632000-b663c000 r-xp 00000000 08:07 531542     /lib/i386-linux-gnu/libnss_nis-2.19.so
b663c000-b663d000 r--p 00009000 08:07 531542     /lib/i386-linux-gnu/libnss_nis-2.19.so
b663d000-b663e000 rw-p 0000a000 08:07 531542     /lib/i386-linux-gnu/libnss_nis-2.19.so
b663e000-b6653000 r-xp 00000000 08:07 531576     /lib/i386-linux-gnu/libnsl-2.19.so
b6653000-b6654000 r--p 00015000 08:07 531576     /lib/i386-linux-gnu/libnsl-2.19.so
b6654000-b6655000 rw-p 00016000 08:07 531576     /lib/i386-linux-gnu/libnsl-2.19.so
b6655000-b6657000 rw-p 00000000 00:00 0 
b6657000-b6658000 r-xp 00000000 08:07 398588     /home/mani/jni_test/JNI/socreate/libHello.so
b6658000-b6659000 r--p 00000000 08:07 398588     /home/mani/jni_test/JNI/socreate/libHello.so
b6659000-b665a000 rw-p 00001000 08:07 398588     /home/mani/jni_test/JNI/socreate/libHello.so
b665a000-b665b000 r--p 002c5000 08:07 1051703    /usr/lib/locale/locale-archive
b665b000-b6666000 rw-p 00000000 00:00 0 
b6666000-b666e000 rw-s 00000000 08:07 397970     /tmp/hsperfdata_mani/3213
b666e000-b6692000 r-xp 00000000 08:07 1059141    /usr/lib/jvm/java-8-oracle/jre/lib/i386/libjava.so
b6692000-b6693000 rw-p 00024000 08:07 1059141    /usr/lib/jvm/java-8-oracle/jre/lib/i386/libjava.so
b6693000-b669a000 r-xp 00000000 08:07 528796     /lib/i386-linux-gnu/librt-2.19.so
b669a000-b669b000 r--p 00006000 08:07 528796     /lib/i386-linux-gnu/librt-2.19.so
b669b000-b669c000 rw-p 00007000 08:07 528796     /lib/i386-linux-gnu/librt-2.19.so
b669c000-b669f000 ---p 00000000 00:00 0 
b669f000-b66ed000 rw-p 00000000 00:00 0          [stack:3218]
b66ed000-b6731000 r-xp 00000000 08:07 531578     /lib/i386-linux-gnu/libm-2.19.so
b6731000-b6732000 r--p 00043000 08:07 531578     /lib/i386-linux-gnu/libm-2.19.so
b6732000-b6733000 rw-p 00044000 08:07 531578     /lib/i386-linux-gnu/libm-2.19.so
b6733000-b70bf000 r-xp 00000000 08:07 1059081    /usr/lib/jvm/java-8-oracle/jre/lib/i386/server/libjvm.so
b70bf000-b712c000 rw-p 0098c000 08:07 1059081    /usr/lib/jvm/java-8-oracle/jre/lib/i386/server/libjvm.so
b712c000-b7555000 rw-p 00000000 00:00 0 
b7555000-b76ff000 r-xp 00000000 08:07 531573     /lib/i386-linux-gnu/libc-2.19.so
b76ff000-b7701000 r--p 001aa000 08:07 531573     /lib/i386-linux-gnu/libc-2.19.so
b7701000-b7702000 rw-p 001ac000 08:07 531573     /lib/i386-linux-gnu/libc-2.19.so
b7702000-b7705000 rw-p 00000000 00:00 0 
b7705000-b7708000 r-xp 00000000 08:07 531665     /lib/i386-linux-gnu/libdl-2.19.so
b7708000-b7709000 r--p 00002000 08:07 531665     /lib/i386-linux-gnu/libdl-2.19.so
b7709000-b770a000 rw-p 00003000 08:07 531665     /lib/i386-linux-gnu/libdl-2.19.so
b770a000-b771e000 r-xp 00000000 08:07 1060168    /usr/lib/jvm/java-8-oracle/lib/i386/jli/libjli.so
b771e000-b771f000 rw-p 00014000 08:07 1060168    /usr/lib/jvm/java-8-oracle/lib/i386/jli/libjli.so
b771f000-b7720000 rw-p 00000000 00:00 0 
b7720000-b7738000 r-xp 00000000 08:07 531666     /lib/i386-linux-gnu/libpthread-2.19.so
b7738000-b7739000 r--p 00018000 08:07 531666     /lib/i386-linux-gnu/libpthread-2.19.so
b7739000-b773a000 rw-p 00019000 08:07 531666     /lib/i386-linux-gnu/libpthread-2.19.so
b773a000-b773c000 rw-p 00000000 00:00 0 
b773c000-b7743000 r-xp 00000000 08:07 531574     /lib/i386-linux-gnu/libnss_compat-2.19.so
b7743000-b7744000 r--p 00006000 08:07 531574     /lib/i386-linux-gnu/libnss_compat-2.19.so
b7744000-b7745000 rw-p 00007000 08:07 531574     /lib/i386-linux-gnu/libnss_compat-2.19.so
b7745000-b7746000 rw-p 00000000 00:00 0 
b7746000-b7747000 r--p 00000000 00:00 0 
b7747000-b7752000 r-xp 00000000 08:07 1059133    /usr/lib/jvm/java-8-oracle/jre/lib/i386/libverify.so
b7752000-b7753000 rw-p 0000b000 08:07 1059133    /usr/lib/jvm/java-8-oracle/jre/lib/i386/libverify.so
b7753000-b7755000 rw-p 00000000 00:00 0 
b7755000-b7756000 r-xp 00000000 00:00 0          [vdso]
b7756000-b7776000 r-xp 00000000 08:07 531663     /lib/i386-linux-gnu/ld-2.19.so
b7776000-b7777000 r--p 0001f000 08:07 531663     /lib/i386-linux-gnu/ld-2.19.so
b7777000-b7778000 rw-p 00020000 08:07 531663     /lib/i386-linux-gnu/ld-2.19.so
bfc5d000-bfc5e000 rwxp 00000000 00:00 0 
bfc90000-bfcb1000 rw-p 00000000 00:00 0          [stack]

VM Arguments:
jvm_args: -Dfile.encoding=UTF-8 
java_command: jni.JNI
java_class_path (initial): /home/mani/jni_test/JNI/build/classes
Launcher Type: SUN_STANDARD

Environment Variables:
JAVA_HOME=/usr/lib/jvm/java-8-oracle
PATH=/usr/local/sbin:/usr/local/bin:/usr/sbin:/usr/bin:/sbin:/bin:/usr/games:/usr/local/games:/usr/lib/java/jdk1.8.0_91/bin:/usr/lib/jvm/java-8-oracle/bin:/usr/lib/jvm/java-8-oracle/db/bin:/usr/lib/jvm/java-8-oracle/jre/bin
LD_LIBRARY_PATH=/usr/lib/jvm/java-8-oracle/jre/lib/amd64:/usr/lib/jvm/java-8-oracle/jre/lib/i386:
SHELL=/bin/bash
DISPLAY=:0.0

Signal Handlers:
SIGSEGV: [libjvm.so+0x8d74d0], sa_mask[0]=11111111011111111101111111111110, sa_flags=SA_RESTART|SA_SIGINFO
SIGBUS: [libjvm.so+0x8d74d0], sa_mask[0]=11111111011111111101111111111110, sa_flags=SA_RESTART|SA_SIGINFO
SIGFPE: [libjvm.so+0x7542e0], sa_mask[0]=11111111011111111101111111111110, sa_flags=SA_RESTART|SA_SIGINFO
SIGPIPE: [libjvm.so+0x7542e0], sa_mask[0]=11111111011111111101111111111110, sa_flags=SA_RESTART|SA_SIGINFO
SIGXFSZ: [libjvm.so+0x7542e0], sa_mask[0]=11111111011111111101111111111110, sa_flags=SA_RESTART|SA_SIGINFO
SIGILL: [libjvm.so+0x7542e0], sa_mask[0]=11111111011111111101111111111110, sa_flags=SA_RESTART|SA_SIGINFO
SIGUSR1: SIG_DFL, sa_mask[0]=00000000000000000000000000000000, sa_flags=none
SIGUSR2: [libjvm.so+0x755b70], sa_mask[0]=00100000000000000000000000000000, sa_flags=SA_RESTART|SA_SIGINFO
SIGHUP: [libjvm.so+0x757020], sa_mask[0]=11111111011111111101111111111110, sa_flags=SA_RESTART|SA_SIGINFO
SIGINT: SIG_IGN, sa_mask[0]=00000000000000000000000000000000, sa_flags=none
SIGTERM: [libjvm.so+0x757020], sa_mask[0]=11111111011111111101111111111110, sa_flags=SA_RESTART|SA_SIGINFO
SIGQUIT: [libjvm.so+0x757020], sa_mask[0]=11111111011111111101111111111110, sa_flags=SA_RESTART|SA_SIGINFO


---------------  S Y S T E M  ---------------

OS:DISTRIB_ID=Ubuntu
DISTRIB_RELEASE=14.04
DISTRIB_CODENAME=trusty
DISTRIB_DESCRIPTION="Ubuntu 14.04.5 LTS"

uname:Linux 3.13.0-113-generic #160-Ubuntu SMP Thu Mar 9 09:28:25 UTC 2017 i686
libc:glibc 2.19 NPTL 2.19 
rlimit: STACK 8192k, CORE 0k, NPROC 14488, NOFILE 4096, AS infinity
load average:0.41 0.25 0.26

/proc/meminfo:
MemTotal:        1874560 kB
MemFree:          119984 kB
Buffers:           44528 kB
Cached:           844140 kB
SwapCached:            0 kB
Active:           960476 kB
Inactive:         720840 kB
Active(anon):     792524 kB
Inactive(anon):   257604 kB
Active(file):     167952 kB
Inactive(file):   463236 kB
Unevictable:          32 kB
Mlocked:              32 kB
HighTotal:       1017608 kB
HighFree:          13044 kB
LowTotal:         856952 kB
LowFree:          106940 kB
SwapTotal:       5119996 kB
SwapFree:        5119996 kB
Dirty:               212 kB
Writeback:             0 kB
AnonPages:        792732 kB
Mapped:           205600 kB
Shmem:            257460 kB
Slab:              39324 kB
SReclaimable:      23228 kB
SUnreclaim:        16096 kB
KernelStack:        3704 kB
PageTables:         9180 kB
NFS_Unstable:          0 kB
Bounce:               32 kB
WritebackTmp:          0 kB
CommitLimit:     6057276 kB
Committed_AS:    4154616 kB
VmallocTotal:     122880 kB
VmallocUsed:       14756 kB
VmallocChunk:     101764 kB
HardwareCorrupted:     0 kB
AnonHugePages:    354304 kB
HugePages_Total:       0
HugePages_Free:        0
HugePages_Rsvd:        0
HugePages_Surp:        0
Hugepagesize:       2048 kB
DirectMap4k:       26616 kB
DirectMap2M:      884736 kB


CPU:total 2 (2 cores per cpu, 1 threads per core) family 6 model 42 stepping 7, cmov, cx8, fxsr, mmx, sse, sse2, sse3, ssse3, sse4.1, sse4.2, popcnt, clmul, tsc, tscinvbit

/proc/cpuinfo:
processor	: 0
vendor_id	: GenuineIntel
cpu family	: 6
model		: 42
model name	: Intel(R) Pentium(R) CPU B950 @ 2.10GHz
stepping	: 7
microcode	: 0x28
cpu MHz		: 800.000
cache size	: 2048 KB
physical id	: 0
siblings	: 2
core id		: 0
cpu cores	: 2
apicid		: 0
initial apicid	: 0
fdiv_bug	: no
f00f_bug	: no
coma_bug	: no
fpu		: yes
fpu_exception	: yes
cpuid level	: 13
wp		: yes
flags		: fpu vme de pse tsc msr pae mce cx8 apic sep mtrr pge mca cmov pat pse36 clflush dts acpi mmx fxsr sse sse2 ss ht tm pbe nx rdtscp lm constant_tsc arch_perfmon pebs bts xtopology nonstop_tsc aperfmperf eagerfpu pni pclmulqdq dtes64 monitor ds_cpl est tm2 ssse3 cx16 xtpr pdcm pcid sse4_1 sse4_2 x2apic popcnt tsc_deadline_timer xsave lahf_lm arat epb xsaveopt pln pts dtherm
bogomips	: 4190.50
clflush size	: 64
cache_alignment	: 64
address sizes	: 36 bits physical, 48 bits virtual
power management:

processor	: 1
vendor_id	: GenuineIntel
cpu family	: 6
model		: 42
model name	: Intel(R) Pentium(R) CPU B950 @ 2.10GHz
stepping	: 7
microcode	: 0x28
cpu MHz		: 2100.000
cache size	: 2048 KB
physical id	: 0
siblings	: 2
core id		: 1
cpu cores	: 2
apicid		: 2
initial apicid	: 2
fdiv_bug	: no
f00f_bug	: no
coma_bug	: no
fpu		: yes
fpu_exception	: yes
cpuid level	: 13
wp		: yes
flags		: fpu vme de pse tsc msr pae mce cx8 apic sep mtrr pge mca cmov pat pse36 clflush dts acpi mmx fxsr sse sse2 ss ht tm pbe nx rdtscp lm constant_tsc arch_perfmon pebs bts xtopology nonstop_tsc aperfmperf eagerfpu pni pclmulqdq dtes64 monitor ds_cpl est tm2 ssse3 cx16 xtpr pdcm pcid sse4_1 sse4_2 x2apic popcnt tsc_deadline_timer xsave lahf_lm arat epb xsaveopt pln pts dtherm
bogomips	: 4190.50
clflush size	: 64
cache_alignment	: 64
address sizes	: 36 bits physical, 48 bits virtual
power management:



Memory: 4k page, physical 1874560k(119984k free), swap 5119996k(5119996k free)

vm_info: Java HotSpot(TM) Server VM (25.121-b13) for linux-x86 JRE (1.8.0_121-b13), built on Dec 12 2016 16:06:09 by "java_re" with gcc 4.3.0 20080428 (Red Hat 4.3.0-8)

time: Tue Apr  4 07:15:52 2017
elapsed time: 0 seconds (0d 0h 0m 0s)

