#
# A fatal error has been detected by the Java Runtime Environment:
#
#  SIGSEGV (0xb) at pc=0xb6c84808, pid=8335, tid=0xb6739b40
#
# JRE version: Java(TM) SE Runtime Environment (8.0_121-b13) (build 1.8.0_121-b13)
# Java VM: Java HotSpot(TM) Server VM (25.121-b13 mixed mode linux-x86 )
# Problematic frame:
# V  [libjvm.so+0x504808]  java_lang_String::utf8_length(oopDesc*)+0x58
#
# Failed to write core dump. Core dumps have been disabled. To enable core dumping, try "ulimit -c unlimited" before starting Java again
#
# If you would like to submit a bug report, please visit:
#   http://bugreport.java.com/bugreport/crash.jsp
#

---------------  T H R E A D  ---------------

Current thread (0xb6507400):  JavaThread "main" [_thread_in_vm, id=8337, stack(0xb66e9000,0xb673a000)]

siginfo: si_signo: 11 (SIGSEGV), si_code: 1 (SEGV_MAPERR), si_addr: 0x00000024

Registers:
EAX=0x00000000, EBX=0xb715c268, ECX=0x00000000, EDX=0x88ec0818
ESP=0xb6738dc0, EBP=0xb6738dc8, ESI=0x0000001c, EDI=0xb6507400
EIP=0xb6c84808, EFLAGS=0x00010246, CR2=0x00000024

Top of Stack: (sp=0xb6738dc0)
0xb6738dc0:   b715c268 b6738e04 b6738e38 b6ccfb9d
0xb6738dd0:   88ec0818 b6507400 00000000 00000000
0xb6738de0:   b6507400 8a211204 b6738e38 b6738e18
0xb6738df0:   b6738e28 00000000 88ec0818 b7186ecf
0xb6738e00:   b6738e18 88ec0428 0000000c 88ec05f8
0xb6738e10:   b6507400 b6507400 b6507400 00000000
0xb6738e20:   b6505960 523beb0a b6507400 88ec01b8
0xb6738e30:   88ec01b8 b6507400 b6738e78 b66a4734 

Instructions: (pc=0xb6c84808)
0xb6c847e8:   02 31 d2 85 c0 74 04 8d 54 4e 0c 56 56 50 52 e8
0xb6c847f8:   34 9a 3a 00 8d 65 f8 5b 5e 5d c3 90 8d 74 26 00
0xb6c84808:   8b 46 08 eb dc 90 66 90 55 89 e5 57 56 53 83 ec
0xb6c84818:   1c e8 00 00 00 00 5b 81 c3 4a 7a 4d 00 8b 83 3c 

Register to memory mapping:

EAX=0x00000000 is an unknown value
EBX=0xb715c268: <offset 0x9dc268> in /usr/lib/jvm/java-8-oracle/jre/lib/i386/server/libjvm.so at 0xb6780000
ECX=0x00000000 is an unknown value
EDX=0x88ec0818 is pointing into metadata
ESP=0xb6738dc0 is pointing into the stack for thread: 0xb6507400
EBP=0xb6738dc8 is pointing into the stack for thread: 0xb6507400
ESI=0x0000001c is an unknown value
EDI=0xb6507400 is a thread


Stack: [0xb66e9000,0xb673a000],  sp=0xb6738dc0,  free space=319k
Native frames: (J=compiled Java code, j=interpreted, Vv=VM code, C=native code)
V  [libjvm.so+0x504808]  java_lang_String::utf8_length(oopDesc*)+0x58
V  [libjvm.so+0x54fb9d]  jni_GetStringUTFChars+0xdd
C  [libHello.so+0x734]  Java_jni_JNI_setEmp+0xec
j  jni.JNI.setEmp(Ljni/Employe;)V+0
j  jni.JNI.main([Ljava/lang/String;)V+20
v  ~StubRoutines::call_stub
V  [libjvm.so+0x4ff92f]  JavaCalls::call_helper(JavaValue*, methodHandle*, JavaCallArguments*, Thread*)+0x101f
V  [libjvm.so+0x752729]  os::os_exception_wrapper(void (*)(JavaValue*, methodHandle*, JavaCallArguments*, Thread*), JavaValue*, methodHandle*, JavaCallArguments*, Thread*)+0x19
V  [libjvm.so+0x4fdeff]  JavaCalls::call(JavaValue*, methodHandle, JavaCallArguments*, Thread*)+0x2f
V  [libjvm.so+0x547f57]  jni_invoke_static(JNIEnv_*, JavaValue*, _jobject*, JNICallType, _jmethodID*, JNI_ArgumentPusher*, Thread*)+0x387
V  [libjvm.so+0x55a9df]  jni_CallStaticVoidMethod+0xdf
C  [libjli.so+0x7679]  JavaMain+0x8e9
C  [libpthread.so.0+0x6f72]  start_thread+0xd2
C  [libc.so.6+0xee2ae]  clone+0x5e

Java frames: (J=compiled Java code, j=interpreted, Vv=VM code)
j  jni.JNI.setEmp(Ljni/Employe;)V+0
j  jni.JNI.main([Ljava/lang/String;)V+20
v  ~StubRoutines::call_stub

---------------  P R O C E S S  ---------------

Java Threads: ( => current thread )
  0x8a238400 JavaThread "Service Thread" daemon [_thread_blocked, id=8349, stack(0x8864b000,0x8869c000)]
  0x8a235000 JavaThread "C1 CompilerThread1" daemon [_thread_blocked, id=8348, stack(0x8869c000,0x8871d000)]
  0x8a233400 JavaThread "C2 CompilerThread0" daemon [_thread_blocked, id=8347, stack(0x8871d000,0x8879e000)]
  0x8a231800 JavaThread "Signal Dispatcher" daemon [_thread_blocked, id=8346, stack(0x8879e000,0x887ef000)]
  0x8a217800 JavaThread "Finalizer" daemon [_thread_blocked, id=8345, stack(0x889ef000,0x88a40000)]
  0x8a214c00 JavaThread "Reference Handler" daemon [_thread_blocked, id=8344, stack(0xa7009000,0xa705a000)]
=>0xb6507400 JavaThread "main" [_thread_in_vm, id=8337, stack(0xb66e9000,0xb673a000)]

Other Threads:
  0x8a210400 VMThread [stack: 0x88a40000,0x88ac1000] [id=8343]
  0x8a23a400 WatcherThread [stack: 0x885ca000,0x8864b000] [id=8350]

VM state:not at safepoint (normal execution)

VM Mutex/Monitor currently owned by a thread: None

Heap:
 PSYoungGen      total 8960K, used 478K [0x9d780000, 0x9e180000, 0xa7000000)
  eden space 7680K, 6% used [0x9d780000,0x9d7f7a80,0x9df00000)
  from space 1280K, 0% used [0x9e040000,0x9e040000,0x9e180000)
  to   space 1280K, 0% used [0x9df00000,0x9df00000,0x9e040000)
 ParOldGen       total 20480K, used 0K [0x8a600000, 0x8ba00000, 0x9d780000)
  object space 20480K, 0% used [0x8a600000,0x8a600000,0x8ba00000)
 Metaspace       used 1633K, capacity 2204K, committed 2328K, reserved 4400K

Card table byte_map: [0xa705a000,0xa7140000] byte_map_base: 0xa6c07000

Marking Bits: (ParMarkBitMap*) 0xb718c8c0
 Begin Bits: [0x892b0000, 0x899d8000)
 End Bits:   [0x899d8000, 0x8a100000)

Polling page: 0xb7793000

CodeCache: size=245760Kb used=674Kb max_used=675Kb free=245085Kb
 bounds [0xa7500000, 0xa7740000, 0xb6500000]
 total_blobs=166 nmethods=13 adapters=69
 compilation: enabled

Compilation events (10 events):
Event: 0.088 Thread 0x8a235000   10       3       java.lang.Math::min (11 bytes)
Event: 0.089 Thread 0x8a235000 nmethod 10 0xa75a5488 code [0xa75a55a0, 0xa75a5680]
Event: 0.089 Thread 0x8a235000    9       1       java.lang.ref.Reference::get (5 bytes)
Event: 0.089 Thread 0x8a235000 nmethod 9 0xa75a8388 code [0xa75a8480, 0xa75a8520]
Event: 0.089 Thread 0x8a235000   11       1       java.lang.ThreadLocal::access$400 (5 bytes)
Event: 0.089 Thread 0x8a235000 nmethod 11 0xa75a8188 code [0xa75a8280, 0xa75a8300]
Event: 0.091 Thread 0x8a235000   12       3       java.lang.AbstractStringBuilder::append (50 bytes)
Event: 0.093 Thread 0x8a235000 nmethod 12 0xa75a7788 code [0xa75a7900, 0xa75a7e90]
Event: 0.093 Thread 0x8a235000   13       3       java.lang.String::getChars (62 bytes)
Event: 0.093 Thread 0x8a235000 nmethod 13 0xa75a70c8 code [0xa75a7220, 0xa75a7530]

GC Heap History (0 events):
No events

Deoptimization events (0 events):
No events

Internal exceptions (2 events):
Event: 0.040 Thread 0xb6507400 Exception <a 'java/lang/NoSuchMethodError': Method sun.misc.Unsafe.defineClass(Ljava/lang/String;[BII)Ljava/lang/Class; name or signature does not match> (0x9d786e90) thrown at [/HUDSON/workspace/8-2-build-linux-i586/jdk8u121/8372/hotspot/src/share/vm/pri
Event: 0.040 Thread 0xb6507400 Exception <a 'java/lang/NoSuchMethodError': Method sun.misc.Unsafe.prefetchRead(Ljava/lang/Object;J)V name or signature does not match> (0x9d787160) thrown at [/HUDSON/workspace/8-2-build-linux-i586/jdk8u121/8372/hotspot/src/share/vm/prims/jni.cpp, line 4

Events (10 events):
Event: 0.093 loading class java/security/BasicPermissionCollection
Event: 0.093 loading class java/security/BasicPermissionCollection done
Event: 0.094 loading class sun/launcher/LauncherHelper$FXHelper
Event: 0.094 loading class sun/launcher/LauncherHelper$FXHelper done
Event: 0.094 loading class java/lang/Class$MethodArray
Event: 0.094 loading class java/lang/Class$MethodArray done
Event: 0.094 loading class jni/Employe
Event: 0.094 loading class jni/Employe done
Event: 0.095 loading class java/lang/Void
Event: 0.095 loading class java/lang/Void done


Dynamic libraries:
08048000-08049000 r-xp 00000000 08:07 1059426    /usr/lib/jvm/java-8-oracle/bin/java
08049000-0804a000 rw-p 00000000 08:07 1059426    /usr/lib/jvm/java-8-oracle/bin/java
0895f000-089c5000 rw-p 00000000 00:00 0          [heap]
88377000-885ca000 rw-p 00000000 00:00 0 
885ca000-885cb000 ---p 00000000 00:00 0 
885cb000-8864b000 rw-p 00000000 00:00 0          [stack:8350]
8864b000-8864e000 ---p 00000000 00:00 0 
8864e000-8869c000 rw-p 00000000 00:00 0          [stack:8349]
8869c000-8869f000 ---p 00000000 00:00 0 
8869f000-8871d000 rw-p 00000000 00:00 0          [stack:8348]
8871d000-88720000 ---p 00000000 00:00 0 
88720000-8879e000 rw-p 00000000 00:00 0          [stack:8347]
8879e000-887a1000 ---p 00000000 00:00 0 
887a1000-887ef000 rw-p 00000000 00:00 0          [stack:8346]
887ef000-889ef000 r--p 00000000 08:07 1051703    /usr/lib/locale/locale-archive
889ef000-889f2000 ---p 00000000 00:00 0 
889f2000-88a40000 rw-p 00000000 00:00 0          [stack:8345]
88a40000-88a41000 ---p 00000000 00:00 0 
88a41000-88ac1000 rw-p 00000000 00:00 0          [stack:8343]
88ac1000-88c9a000 r--s 03d3e000 08:07 1059189    /usr/lib/jvm/java-8-oracle/jre/lib/rt.jar
88c9a000-88ee0000 rw-p 00000000 00:00 0 
88ee0000-890e6000 ---p 00000000 00:00 0 
890e6000-8a100000 rw-p 00000000 00:00 0 
8a100000-8a121000 rw-p 00000000 00:00 0 
8a121000-8a200000 ---p 00000000 00:00 0 
8a200000-8a255000 rw-p 00000000 00:00 0 
8a255000-8a300000 ---p 00000000 00:00 0 
8a300000-8a321000 rw-p 00000000 00:00 0 
8a321000-8a400000 ---p 00000000 00:00 0 
8a40a000-8a465000 rw-p 00000000 00:00 0 
8a465000-8a466000 ---p 00000000 00:00 0 
8a466000-8a4e6000 rw-p 00000000 00:00 0          [stack:8342]
8a4e6000-8a4e7000 ---p 00000000 00:00 0 
8a4e7000-8a571000 rw-p 00000000 00:00 0          [stack:8341]
8a571000-8a600000 ---p 00000000 00:00 0 
8a600000-8ba00000 rw-p 00000000 00:00 0 
8ba00000-9d780000 ---p 00000000 00:00 0 
9d780000-9e180000 rw-p 00000000 00:00 0 
9e180000-a7000000 ---p 00000000 00:00 0 
a7009000-a700c000 ---p 00000000 00:00 0 
a700c000-a7064000 rw-p 00000000 00:00 0          [stack:8344]
a7064000-a70f2000 ---p 00000000 00:00 0 
a70f2000-a70f8000 rw-p 00000000 00:00 0 
a70f8000-a713f000 ---p 00000000 00:00 0 
a713f000-a7149000 rw-p 00000000 00:00 0 
a7149000-a7500000 ---p 00000000 00:00 0 
a7500000-a7740000 rwxp 00000000 00:00 0 
a7740000-b6500000 ---p 00000000 00:00 0 
b6500000-b65f9000 rw-p 00000000 00:00 0 
b65f9000-b6600000 ---p 00000000 00:00 0 
b6607000-b6659000 rw-p 00000000 00:00 0 
b6659000-b6672000 r-xp 00000000 08:07 1059145    /usr/lib/jvm/java-8-oracle/jre/lib/i386/libzip.so
b6672000-b6673000 rw-p 00019000 08:07 1059145    /usr/lib/jvm/java-8-oracle/jre/lib/i386/libzip.so
b6673000-b667d000 r-xp 00000000 08:07 531664     /lib/i386-linux-gnu/libnss_files-2.19.so
b667d000-b667e000 r--p 00009000 08:07 531664     /lib/i386-linux-gnu/libnss_files-2.19.so
b667e000-b667f000 rw-p 0000a000 08:07 531664     /lib/i386-linux-gnu/libnss_files-2.19.so
b667f000-b6689000 r-xp 00000000 08:07 531542     /lib/i386-linux-gnu/libnss_nis-2.19.so
b6689000-b668a000 r--p 00009000 08:07 531542     /lib/i386-linux-gnu/libnss_nis-2.19.so
b668a000-b668b000 rw-p 0000a000 08:07 531542     /lib/i386-linux-gnu/libnss_nis-2.19.so
b668b000-b66a0000 r-xp 00000000 08:07 531576     /lib/i386-linux-gnu/libnsl-2.19.so
b66a0000-b66a1000 r--p 00015000 08:07 531576     /lib/i386-linux-gnu/libnsl-2.19.so
b66a1000-b66a2000 rw-p 00016000 08:07 531576     /lib/i386-linux-gnu/libnsl-2.19.so
b66a2000-b66a4000 rw-p 00000000 00:00 0 
b66a4000-b66a5000 r-xp 00000000 08:07 398656     /home/mani/jni_test/JNI/socreate/libHello.so
b66a5000-b66a6000 r--p 00000000 08:07 398656     /home/mani/jni_test/JNI/socreate/libHello.so
b66a6000-b66a7000 rw-p 00001000 08:07 398656     /home/mani/jni_test/JNI/socreate/libHello.so
b66a7000-b66a8000 r--p 002c5000 08:07 1051703    /usr/lib/locale/locale-archive
b66a8000-b66b3000 rw-p 00000000 00:00 0 
b66b3000-b66bb000 rw-s 00000000 08:07 398650     /tmp/hsperfdata_mani/8335
b66bb000-b66df000 r-xp 00000000 08:07 1059141    /usr/lib/jvm/java-8-oracle/jre/lib/i386/libjava.so
b66df000-b66e0000 rw-p 00024000 08:07 1059141    /usr/lib/jvm/java-8-oracle/jre/lib/i386/libjava.so
b66e0000-b66e7000 r-xp 00000000 08:07 528796     /lib/i386-linux-gnu/librt-2.19.so
b66e7000-b66e8000 r--p 00006000 08:07 528796     /lib/i386-linux-gnu/librt-2.19.so
b66e8000-b66e9000 rw-p 00007000 08:07 528796     /lib/i386-linux-gnu/librt-2.19.so
b66e9000-b66ec000 ---p 00000000 00:00 0 
b66ec000-b673a000 rw-p 00000000 00:00 0          [stack:8337]
b673a000-b677e000 r-xp 00000000 08:07 531578     /lib/i386-linux-gnu/libm-2.19.so
b677e000-b677f000 r--p 00043000 08:07 531578     /lib/i386-linux-gnu/libm-2.19.so
b677f000-b6780000 rw-p 00044000 08:07 531578     /lib/i386-linux-gnu/libm-2.19.so
b6780000-b710c000 r-xp 00000000 08:07 1059081    /usr/lib/jvm/java-8-oracle/jre/lib/i386/server/libjvm.so
b710c000-b7179000 rw-p 0098c000 08:07 1059081    /usr/lib/jvm/java-8-oracle/jre/lib/i386/server/libjvm.so
b7179000-b75a2000 rw-p 00000000 00:00 0 
b75a2000-b774c000 r-xp 00000000 08:07 531573     /lib/i386-linux-gnu/libc-2.19.so
b774c000-b774e000 r--p 001aa000 08:07 531573     /lib/i386-linux-gnu/libc-2.19.so
b774e000-b774f000 rw-p 001ac000 08:07 531573     /lib/i386-linux-gnu/libc-2.19.so
b774f000-b7752000 rw-p 00000000 00:00 0 
b7752000-b7755000 r-xp 00000000 08:07 531665     /lib/i386-linux-gnu/libdl-2.19.so
b7755000-b7756000 r--p 00002000 08:07 531665     /lib/i386-linux-gnu/libdl-2.19.so
b7756000-b7757000 rw-p 00003000 08:07 531665     /lib/i386-linux-gnu/libdl-2.19.so
b7757000-b776b000 r-xp 00000000 08:07 1060168    /usr/lib/jvm/java-8-oracle/lib/i386/jli/libjli.so
b776b000-b776c000 rw-p 00014000 08:07 1060168    /usr/lib/jvm/java-8-oracle/lib/i386/jli/libjli.so
b776c000-b776d000 rw-p 00000000 00:00 0 
b776d000-b7785000 r-xp 00000000 08:07 531666     /lib/i386-linux-gnu/libpthread-2.19.so
b7785000-b7786000 r--p 00018000 08:07 531666     /lib/i386-linux-gnu/libpthread-2.19.so
b7786000-b7787000 rw-p 00019000 08:07 531666     /lib/i386-linux-gnu/libpthread-2.19.so
b7787000-b7789000 rw-p 00000000 00:00 0 
b7789000-b7790000 r-xp 00000000 08:07 531574     /lib/i386-linux-gnu/libnss_compat-2.19.so
b7790000-b7791000 r--p 00006000 08:07 531574     /lib/i386-linux-gnu/libnss_compat-2.19.so
b7791000-b7792000 rw-p 00007000 08:07 531574     /lib/i386-linux-gnu/libnss_compat-2.19.so
b7792000-b7793000 rw-p 00000000 00:00 0 
b7793000-b7794000 r--p 00000000 00:00 0 
b7794000-b779f000 r-xp 00000000 08:07 1059133    /usr/lib/jvm/java-8-oracle/jre/lib/i386/libverify.so
b779f000-b77a0000 rw-p 0000b000 08:07 1059133    /usr/lib/jvm/java-8-oracle/jre/lib/i386/libverify.so
b77a0000-b77a2000 rw-p 00000000 00:00 0 
b77a2000-b77a3000 r-xp 00000000 00:00 0          [vdso]
b77a3000-b77c3000 r-xp 00000000 08:07 531663     /lib/i386-linux-gnu/ld-2.19.so
b77c3000-b77c4000 r--p 0001f000 08:07 531663     /lib/i386-linux-gnu/ld-2.19.so
b77c4000-b77c5000 rw-p 00020000 08:07 531663     /lib/i386-linux-gnu/ld-2.19.so
bfd2f000-bfd30000 rwxp 00000000 00:00 0 
bfd62000-bfd83000 rw-p 00000000 00:00 0          [stack]

VM Arguments:
jvm_args: -Dfile.encoding=UTF-8 
java_command: jni.JNI
java_class_path (initial): /home/mani/jni_test/JNI/build/classes
Launcher Type: SUN_STANDARD

Environment Variables:
JAVA_HOME=/usr/lib/jvm/java-8-oracle
PATH=/usr/local/sbin:/usr/local/bin:/usr/sbin:/usr/bin:/sbin:/bin:/usr/games:/usr/local/games:/usr/lib/java/jdk1.8.0_91/bin:/usr/lib/jvm/java-8-oracle/bin:/usr/lib/jvm/java-8-oracle/db/bin:/usr/lib/jvm/java-8-oracle/jre/bin
LD_LIBRARY_PATH=/usr/lib/jvm/java-8-oracle/jre/lib/amd64:/usr/lib/jvm/java-8-oracle/jre/lib/i386:
SHELL=/bin/bash
DISPLAY=:0.0

Signal Handlers:
SIGSEGV: [libjvm.so+0x8d74d0], sa_mask[0]=11111111011111111101111111111110, sa_flags=SA_RESTART|SA_SIGINFO
SIGBUS: [libjvm.so+0x8d74d0], sa_mask[0]=11111111011111111101111111111110, sa_flags=SA_RESTART|SA_SIGINFO
SIGFPE: [libjvm.so+0x7542e0], sa_mask[0]=11111111011111111101111111111110, sa_flags=SA_RESTART|SA_SIGINFO
SIGPIPE: [libjvm.so+0x7542e0], sa_mask[0]=11111111011111111101111111111110, sa_flags=SA_RESTART|SA_SIGINFO
SIGXFSZ: [libjvm.so+0x7542e0], sa_mask[0]=11111111011111111101111111111110, sa_flags=SA_RESTART|SA_SIGINFO
SIGILL: [libjvm.so+0x7542e0], sa_mask[0]=11111111011111111101111111111110, sa_flags=SA_RESTART|SA_SIGINFO
SIGUSR1: SIG_DFL, sa_mask[0]=00000000000000000000000000000000, sa_flags=none
SIGUSR2: [libjvm.so+0x755b70], sa_mask[0]=00100000000000000000000000000000, sa_flags=SA_RESTART|SA_SIGINFO
SIGHUP: [libjvm.so+0x757020], sa_mask[0]=11111111011111111101111111111110, sa_flags=SA_RESTART|SA_SIGINFO
SIGINT: SIG_IGN, sa_mask[0]=00000000000000000000000000000000, sa_flags=none
SIGTERM: [libjvm.so+0x757020], sa_mask[0]=11111111011111111101111111111110, sa_flags=SA_RESTART|SA_SIGINFO
SIGQUIT: [libjvm.so+0x757020], sa_mask[0]=11111111011111111101111111111110, sa_flags=SA_RESTART|SA_SIGINFO


---------------  S Y S T E M  ---------------

OS:DISTRIB_ID=Ubuntu
DISTRIB_RELEASE=14.04
DISTRIB_CODENAME=trusty
DISTRIB_DESCRIPTION="Ubuntu 14.04.5 LTS"

uname:Linux 3.13.0-113-generic #160-Ubuntu SMP Thu Mar 9 09:28:25 UTC 2017 i686
libc:glibc 2.19 NPTL 2.19 
rlimit: STACK 8192k, CORE 0k, NPROC 14488, NOFILE 4096, AS infinity
load average:0.56 0.52 0.47

/proc/meminfo:
MemTotal:        1874560 kB
MemFree:          220292 kB
Buffers:           16492 kB
Cached:           442932 kB
SwapCached:        50648 kB
Active:           888032 kB
Inactive:         688380 kB
Active(anon):     776956 kB
Inactive(anon):   590808 kB
Active(file):     111076 kB
Inactive(file):    97572 kB
Unevictable:          32 kB
Mlocked:              32 kB
HighTotal:       1017608 kB
HighFree:         128980 kB
LowTotal:         856952 kB
LowFree:           91312 kB
SwapTotal:       5119996 kB
SwapFree:        4772876 kB
Dirty:               104 kB
Writeback:             0 kB
AnonPages:       1079924 kB
Mapped:           132940 kB
Shmem:            250776 kB
Slab:              43372 kB
SReclaimable:      24504 kB
SUnreclaim:        18868 kB
KernelStack:        3824 kB
PageTables:        11176 kB
NFS_Unstable:          0 kB
Bounce:                0 kB
WritebackTmp:          0 kB
CommitLimit:     6057276 kB
Committed_AS:    4928512 kB
VmallocTotal:     122880 kB
VmallocUsed:       14936 kB
VmallocChunk:     101868 kB
HardwareCorrupted:     0 kB
AnonHugePages:    374784 kB
HugePages_Total:       0
HugePages_Free:        0
HugePages_Rsvd:        0
HugePages_Surp:        0
Hugepagesize:       2048 kB
DirectMap4k:       22520 kB
DirectMap2M:      888832 kB


CPU:total 2 (2 cores per cpu, 1 threads per core) family 6 model 42 stepping 7, cmov, cx8, fxsr, mmx, sse, sse2, sse3, ssse3, sse4.1, sse4.2, popcnt, clmul, tsc, tscinvbit

/proc/cpuinfo:
processor	: 0
vendor_id	: GenuineIntel
cpu family	: 6
model		: 42
model name	: Intel(R) Pentium(R) CPU B950 @ 2.10GHz
stepping	: 7
microcode	: 0x28
cpu MHz		: 1500.000
cache size	: 2048 KB
physical id	: 0
siblings	: 2
core id		: 0
cpu cores	: 2
apicid		: 0
initial apicid	: 0
fdiv_bug	: no
f00f_bug	: no
coma_bug	: no
fpu		: yes
fpu_exception	: yes
cpuid level	: 13
wp		: yes
flags		: fpu vme de pse tsc msr pae mce cx8 apic sep mtrr pge mca cmov pat pse36 clflush dts acpi mmx fxsr sse sse2 ss ht tm pbe nx rdtscp lm constant_tsc arch_perfmon pebs bts xtopology nonstop_tsc aperfmperf eagerfpu pni pclmulqdq dtes64 monitor ds_cpl est tm2 ssse3 cx16 xtpr pdcm pcid sse4_1 sse4_2 x2apic popcnt tsc_deadline_timer xsave lahf_lm arat epb xsaveopt pln pts dtherm
bogomips	: 4190.22
clflush size	: 64
cache_alignment	: 64
address sizes	: 36 bits physical, 48 bits virtual
power management:

processor	: 1
vendor_id	: GenuineIntel
cpu family	: 6
model		: 42
model name	: Intel(R) Pentium(R) CPU B950 @ 2.10GHz
stepping	: 7
microcode	: 0x28
cpu MHz		: 2100.000
cache size	: 2048 KB
physical id	: 0
siblings	: 2
core id		: 1
cpu cores	: 2
apicid		: 2
initial apicid	: 2
fdiv_bug	: no
f00f_bug	: no
coma_bug	: no
fpu		: yes
fpu_exception	: yes
cpuid level	: 13
wp		: yes
flags		: fpu vme de pse tsc msr pae mce cx8 apic sep mtrr pge mca cmov pat pse36 clflush dts acpi mmx fxsr sse sse2 ss ht tm pbe nx rdtscp lm constant_tsc arch_perfmon pebs bts xtopology nonstop_tsc aperfmperf eagerfpu pni pclmulqdq dtes64 monitor ds_cpl est tm2 ssse3 cx16 xtpr pdcm pcid sse4_1 sse4_2 x2apic popcnt tsc_deadline_timer xsave lahf_lm arat epb xsaveopt pln pts dtherm
bogomips	: 4190.22
clflush size	: 64
cache_alignment	: 64
address sizes	: 36 bits physical, 48 bits virtual
power management:



Memory: 4k page, physical 1874560k(220292k free), swap 5119996k(4772876k free)

vm_info: Java HotSpot(TM) Server VM (25.121-b13) for linux-x86 JRE (1.8.0_121-b13), built on Dec 12 2016 16:06:09 by "java_re" with gcc 4.3.0 20080428 (Red Hat 4.3.0-8)

time: Fri Mar 31 00:22:06 2017
elapsed time: 0 seconds (0d 0h 0m 0s)

